<?xml version="1.0" encoding="UTF-8"?>
<coverage generated="1497248806332" clover="3.2.0">
  <project timestamp="1497248806332" name="All files">
    <metrics statements="14" coveredstatements="14" conditionals="12" coveredconditionals="11" methods="1" coveredmethods="1" elements="27" coveredelements="26" complexity="0" loc="14" ncloc="14" packages="1" files="1" classes="1">
      <file name="ingredientsReducer.js" path="/Users/mmartinez/Desktop/Galvanize/Q3/capstone/PieceMealV2/src/reducers/ingredientsReducer.js">
        <metrics statements="14" coveredstatements="14" conditionals="12" coveredconditionals="11" methods="1" coveredmethods="1"/>
        <line num="2" count="1" type="stmt"/>
        <line num="4" count="1" type="cond" truecount="0" falsecount="1"/>
        <line num="5" count="21" type="cond" truecount="11" falsecount="0"/>
        <line num="7" count="2" type="stmt"/>
        <line num="9" count="2" type="stmt"/>
        <line num="11" count="2" type="stmt"/>
        <line num="14" count="2" type="stmt"/>
        <line num="16" count="3" type="stmt"/>
        <line num="18" count="3" type="stmt"/>
        <line num="21" count="1" type="stmt"/>
        <line num="24" count="2" type="stmt"/>
        <line num="26" count="1" type="stmt"/>
        <line num="28" count="2" type="stmt"/>
        <line num="30" count="1" type="stmt"/>
      </file>
    </metrics>
  </project>
</coverage>
