{"/Users/mmartinez/Desktop/Galvanize/Q3/capstone/PieceMealV2/src/reducers/ingredientsReducer.js": {"path":"/Users/mmartinez/Desktop/Galvanize/Q3/capstone/PieceMealV2/src/reducers/ingredientsReducer.js","statementMap":{"0":{"start":{"line":2,"column":22},"end":{"line":2,"column":73}},"1":{"start":{"line":4,"column":20},"end":{"line":31,"column":1}},"2":{"start":{"line":5,"column":2},"end":{"line":30,"column":3}},"3":{"start":{"line":7,"column":6},"end":{"line":7,"column":80}},"4":{"start":{"line":9,"column":4},"end":{"line":9,"column":42}},"5":{"start":{"line":11,"column":6},"end":{"line":11,"column":86}},"6":{"start":{"line":14,"column":6},"end":{"line":14,"column":61}},"7":{"start":{"line":16,"column":6},"end":{"line":16,"column":86}},"8":{"start":{"line":18,"column":6},"end":{"line":18,"column":87}},"9":{"start":{"line":21,"column":6},"end":{"line":21,"column":52}},"10":{"start":{"line":23,"column":6},"end":{"line":23,"column":52}},"11":{"start":{"line":25,"column":6},"end":{"line":25,"column":44}},"12":{"start":{"line":27,"column":6},"end":{"line":27,"column":52}},"13":{"start":{"line":29,"column":6},"end":{"line":29,"column":19}}},"fnMap":{"0":{"name":"(anonymous_0)","decl":{"start":{"line":4,"column":20},"end":{"line":4,"column":21}},"loc":{"start":{"line":4,"column":55},"end":{"line":31,"column":1}},"line":4}},"branchMap":{"0":{"loc":{"start":{"line":4,"column":21},"end":{"line":4,"column":42}},"type":"default-arg","locations":[{"start":{"line":4,"column":29},"end":{"line":4,"column":42}}],"line":4},"1":{"loc":{"start":{"line":5,"column":2},"end":{"line":30,"column":3}},"type":"switch","locations":[{"start":{"line":6,"column":4},"end":{"line":7,"column":80}},{"start":{"line":8,"column":4},"end":{"line":9,"column":42}},{"start":{"line":10,"column":4},"end":{"line":11,"column":86}},{"start":{"line":13,"column":4},"end":{"line":14,"column":61}},{"start":{"line":15,"column":4},"end":{"line":16,"column":86}},{"start":{"line":17,"column":4},"end":{"line":18,"column":87}},{"start":{"line":20,"column":4},"end":{"line":21,"column":52}},{"start":{"line":22,"column":4},"end":{"line":23,"column":52}},{"start":{"line":24,"column":4},"end":{"line":25,"column":44}},{"start":{"line":26,"column":4},"end":{"line":27,"column":52}},{"start":{"line":28,"column":4},"end":{"line":29,"column":19}}],"line":5}},"s":{"0":1,"1":1,"2":10,"3":2,"4":2,"5":2,"6":1,"7":1,"8":1,"9":0,"10":0,"11":0,"12":0,"13":1},"f":{"0":10},"b":{"0":[0],"1":[2,2,2,1,1,1,0,0,0,0,1]},"_coverageSchema":"332fd63041d2c1bcb487cc26dd0d5f7d97098a6c","hash":"5c828a288ab3cf65a376147bcbd78577f3700d24"}
}
