{"/Users/mmartinez/Desktop/Galvanize/Q3/capstone/PieceMealV2/src/actions/charts.js": {"path":"/Users/mmartinez/Desktop/Galvanize/Q3/capstone/PieceMealV2/src/actions/charts.js","statementMap":{"0":{"start":{"line":3,"column":35},"end":{"line":8,"column":1}},"1":{"start":{"line":4,"column":2},"end":{"line":7,"column":4}},"2":{"start":{"line":11,"column":2},"end":{"line":21,"column":7}},"3":{"start":{"line":20,"column":6},"end":{"line":20,"column":24}}},"fnMap":{"0":{"name":"(anonymous_0)","decl":{"start":{"line":3,"column":35},"end":{"line":3,"column":36}},"loc":{"start":{"line":3,"column":41},"end":{"line":8,"column":1}},"line":3},"1":{"name":"getIngredientData","decl":{"start":{"line":10,"column":9},"end":{"line":10,"column":26}},"loc":{"start":{"line":10,"column":29},"end":{"line":22,"column":3}},"line":10},"2":{"name":"(anonymous_2)","decl":{"start":{"line":19,"column":10},"end":{"line":19,"column":11}},"loc":{"start":{"line":19,"column":19},"end":{"line":21,"column":5}},"line":19}},"branchMap":{},"s":{"0":2,"1":0,"2":0,"3":0},"f":{"0":0,"1":0,"2":0},"b":{},"_coverageSchema":"332fd63041d2c1bcb487cc26dd0d5f7d97098a6c","hash":"92ad8577576c14fd0b4efcebcb4bde3db81f1527"}
,"/Users/mmartinez/Desktop/Galvanize/Q3/capstone/PieceMealV2/src/actions/client.js": {"path":"/Users/mmartinez/Desktop/Galvanize/Q3/capstone/PieceMealV2/src/actions/client.js","statementMap":{"0":{"start":{"line":3,"column":33},"end":{"line":8,"column":1}},"1":{"start":{"line":4,"column":2},"end":{"line":7,"column":4}},"2":{"start":{"line":10,"column":34},"end":{"line":15,"column":1}},"3":{"start":{"line":11,"column":2},"end":{"line":14,"column":4}},"4":{"start":{"line":17,"column":26},"end":{"line":22,"column":1}},"5":{"start":{"line":18,"column":2},"end":{"line":21,"column":4}},"6":{"start":{"line":25,"column":2},"end":{"line":36,"column":7}},"7":{"start":{"line":35,"column":6},"end":{"line":35,"column":24}},"8":{"start":{"line":41,"column":2},"end":{"line":52,"column":7}},"9":{"start":{"line":51,"column":6},"end":{"line":51,"column":24}}},"fnMap":{"0":{"name":"(anonymous_0)","decl":{"start":{"line":3,"column":33},"end":{"line":3,"column":34}},"loc":{"start":{"line":3,"column":51},"end":{"line":8,"column":1}},"line":3},"1":{"name":"(anonymous_1)","decl":{"start":{"line":10,"column":34},"end":{"line":10,"column":35}},"loc":{"start":{"line":10,"column":62},"end":{"line":15,"column":1}},"line":10},"2":{"name":"(anonymous_2)","decl":{"start":{"line":17,"column":26},"end":{"line":17,"column":27}},"loc":{"start":{"line":17,"column":38},"end":{"line":22,"column":1}},"line":17},"3":{"name":"getClient","decl":{"start":{"line":24,"column":9},"end":{"line":24,"column":18}},"loc":{"start":{"line":24,"column":27},"end":{"line":38,"column":1}},"line":24},"4":{"name":"(anonymous_4)","decl":{"start":{"line":34,"column":10},"end":{"line":34,"column":11}},"loc":{"start":{"line":34,"column":19},"end":{"line":36,"column":5}},"line":34},"5":{"name":"updateRestrictions","decl":{"start":{"line":40,"column":9},"end":{"line":40,"column":27}},"loc":{"start":{"line":40,"column":52},"end":{"line":53,"column":1}},"line":40},"6":{"name":"(anonymous_6)","decl":{"start":{"line":50,"column":10},"end":{"line":50,"column":11}},"loc":{"start":{"line":50,"column":19},"end":{"line":52,"column":5}},"line":50}},"branchMap":{},"s":{"0":2,"1":0,"2":2,"3":0,"4":2,"5":0,"6":0,"7":0,"8":0,"9":0},"f":{"0":0,"1":0,"2":0,"3":0,"4":0,"5":0,"6":0},"b":{},"_coverageSchema":"332fd63041d2c1bcb487cc26dd0d5f7d97098a6c","hash":"ec280bce066e07a2ea04bc3c96ca9a6542992f5f"}
,"/Users/mmartinez/Desktop/Galvanize/Q3/capstone/PieceMealV2/src/actions/index.js": {"path":"/Users/mmartinez/Desktop/Galvanize/Q3/capstone/PieceMealV2/src/actions/index.js","statementMap":{},"fnMap":{},"branchMap":{},"s":{},"f":{},"b":{},"_coverageSchema":"332fd63041d2c1bcb487cc26dd0d5f7d97098a6c","hash":"ae62250a0fcd63eb7be425fbe1607c19f5e43f7c"}
,"/Users/mmartinez/Desktop/Galvanize/Q3/capstone/PieceMealV2/src/actions/ingredients.js": {"path":"/Users/mmartinez/Desktop/Galvanize/Q3/capstone/PieceMealV2/src/actions/ingredients.js","statementMap":{"0":{"start":{"line":3,"column":32},"end":{"line":5,"column":1}},"1":{"start":{"line":4,"column":3},"end":{"line":4,"column":73}},"2":{"start":{"line":4,"column":61},"end":{"line":4,"column":71}},"3":{"start":{"line":7,"column":30},"end":{"line":12,"column":1}},"4":{"start":{"line":8,"column":2},"end":{"line":11,"column":4}},"5":{"start":{"line":14,"column":32},"end":{"line":19,"column":1}},"6":{"start":{"line":15,"column":2},"end":{"line":18,"column":4}},"7":{"start":{"line":21,"column":32},"end":{"line":26,"column":1}},"8":{"start":{"line":22,"column":2},"end":{"line":25,"column":4}},"9":{"start":{"line":28,"column":32},"end":{"line":30,"column":1}},"10":{"start":{"line":29,"column":4},"end":{"line":29,"column":64}},"11":{"start":{"line":32,"column":30},"end":{"line":34,"column":1}},"12":{"start":{"line":33,"column":4},"end":{"line":33,"column":75}},"13":{"start":{"line":36,"column":29},"end":{"line":56,"column":1}},"14":{"start":{"line":40,"column":2},"end":{"line":55,"column":5}},"15":{"start":{"line":59,"column":2},"end":{"line":67,"column":5}},"16":{"start":{"line":72,"column":16},"end":{"line":72,"column":18}},"17":{"start":{"line":73,"column":2},"end":{"line":75,"column":3}},"18":{"start":{"line":74,"column":4},"end":{"line":74,"column":41}},"19":{"start":{"line":76,"column":2},"end":{"line":91,"column":7}}},"fnMap":{"0":{"name":"(anonymous_0)","decl":{"start":{"line":3,"column":32},"end":{"line":3,"column":33}},"loc":{"start":{"line":3,"column":38},"end":{"line":5,"column":1}},"line":3},"1":{"name":"(anonymous_1)","decl":{"start":{"line":4,"column":54},"end":{"line":4,"column":55}},"loc":{"start":{"line":4,"column":61},"end":{"line":4,"column":71}},"line":4},"2":{"name":"(anonymous_2)","decl":{"start":{"line":7,"column":30},"end":{"line":7,"column":31}},"loc":{"start":{"line":7,"column":53},"end":{"line":12,"column":1}},"line":7},"3":{"name":"(anonymous_3)","decl":{"start":{"line":14,"column":32},"end":{"line":14,"column":33}},"loc":{"start":{"line":14,"column":57},"end":{"line":19,"column":1}},"line":14},"4":{"name":"(anonymous_4)","decl":{"start":{"line":21,"column":32},"end":{"line":21,"column":33}},"loc":{"start":{"line":21,"column":55},"end":{"line":26,"column":1}},"line":21},"5":{"name":"(anonymous_5)","decl":{"start":{"line":28,"column":32},"end":{"line":28,"column":33}},"loc":{"start":{"line":28,"column":50},"end":{"line":30,"column":1}},"line":28},"6":{"name":"(anonymous_6)","decl":{"start":{"line":32,"column":30},"end":{"line":32,"column":31}},"loc":{"start":{"line":32,"column":36},"end":{"line":34,"column":1}},"line":32},"7":{"name":"(anonymous_7)","decl":{"start":{"line":36,"column":29},"end":{"line":36,"column":30}},"loc":{"start":{"line":36,"column":52},"end":{"line":56,"column":1}},"line":36},"8":{"name":"deleteThisIngredient","decl":{"start":{"line":58,"column":9},"end":{"line":58,"column":29}},"loc":{"start":{"line":58,"column":51},"end":{"line":68,"column":1}},"line":58},"9":{"name":"postFetchIngredient","decl":{"start":{"line":71,"column":9},"end":{"line":71,"column":28}},"loc":{"start":{"line":71,"column":48},"end":{"line":92,"column":1}},"line":71}},"branchMap":{"0":{"loc":{"start":{"line":73,"column":2},"end":{"line":75,"column":3}},"type":"if","locations":[{"start":{"line":73,"column":2},"end":{"line":75,"column":3}},{"start":{"line":73,"column":2},"end":{"line":75,"column":3}}],"line":73}},"s":{"0":2,"1":1,"2":1,"3":2,"4":0,"5":2,"6":0,"7":2,"8":0,"9":2,"10":0,"11":2,"12":0,"13":2,"14":2,"15":0,"16":0,"17":0,"18":0,"19":0},"f":{"0":1,"1":1,"2":0,"3":0,"4":0,"5":0,"6":0,"7":2,"8":0,"9":0},"b":{"0":[0,0]},"_coverageSchema":"332fd63041d2c1bcb487cc26dd0d5f7d97098a6c","hash":"5a85b862ae3bb81131ba07a7191aecc846fa0966"}
,"/Users/mmartinez/Desktop/Galvanize/Q3/capstone/PieceMealV2/src/actions/login.js": {"path":"/Users/mmartinez/Desktop/Galvanize/Q3/capstone/PieceMealV2/src/actions/login.js","statementMap":{"0":{"start":{"line":3,"column":28},"end":{"line":8,"column":1}},"1":{"start":{"line":4,"column":2},"end":{"line":7,"column":4}},"2":{"start":{"line":10,"column":31},"end":{"line":15,"column":1}},"3":{"start":{"line":11,"column":2},"end":{"line":14,"column":4}},"4":{"start":{"line":17,"column":25},"end":{"line":22,"column":1}},"5":{"start":{"line":18,"column":2},"end":{"line":21,"column":4}},"6":{"start":{"line":24,"column":30},"end":{"line":29,"column":1}},"7":{"start":{"line":25,"column":2},"end":{"line":28,"column":4}},"8":{"start":{"line":31,"column":26},"end":{"line":36,"column":1}},"9":{"start":{"line":32,"column":2},"end":{"line":35,"column":4}},"10":{"start":{"line":39,"column":2},"end":{"line":56,"column":7}},"11":{"start":{"line":52,"column":6},"end":{"line":54,"column":7}},"12":{"start":{"line":53,"column":8},"end":{"line":53,"column":26}},"13":{"start":{"line":55,"column":6},"end":{"line":55,"column":24}},"14":{"start":{"line":60,"column":4},"end":{"line":60,"column":32}},"15":{"start":{"line":61,"column":4},"end":{"line":74,"column":9}},"16":{"start":{"line":73,"column":8},"end":{"line":73,"column":26}}},"fnMap":{"0":{"name":"(anonymous_0)","decl":{"start":{"line":3,"column":28},"end":{"line":3,"column":29}},"loc":{"start":{"line":3,"column":38},"end":{"line":8,"column":1}},"line":3},"1":{"name":"(anonymous_1)","decl":{"start":{"line":10,"column":31},"end":{"line":10,"column":32}},"loc":{"start":{"line":10,"column":41},"end":{"line":15,"column":1}},"line":10},"2":{"name":"(anonymous_2)","decl":{"start":{"line":17,"column":25},"end":{"line":17,"column":26}},"loc":{"start":{"line":17,"column":50},"end":{"line":22,"column":1}},"line":17},"3":{"name":"(anonymous_3)","decl":{"start":{"line":24,"column":30},"end":{"line":24,"column":31}},"loc":{"start":{"line":24,"column":41},"end":{"line":29,"column":1}},"line":24},"4":{"name":"(anonymous_4)","decl":{"start":{"line":31,"column":26},"end":{"line":31,"column":27}},"loc":{"start":{"line":31,"column":32},"end":{"line":36,"column":1}},"line":31},"5":{"name":"login","decl":{"start":{"line":38,"column":9},"end":{"line":38,"column":14}},"loc":{"start":{"line":38,"column":32},"end":{"line":57,"column":3}},"line":38},"6":{"name":"(anonymous_6)","decl":{"start":{"line":51,"column":10},"end":{"line":51,"column":11}},"loc":{"start":{"line":51,"column":19},"end":{"line":56,"column":5}},"line":51},"7":{"name":"loginOAuth","decl":{"start":{"line":59,"column":11},"end":{"line":59,"column":21}},"loc":{"start":{"line":59,"column":29},"end":{"line":75,"column":3}},"line":59},"8":{"name":"(anonymous_8)","decl":{"start":{"line":72,"column":12},"end":{"line":72,"column":13}},"loc":{"start":{"line":72,"column":21},"end":{"line":74,"column":7}},"line":72}},"branchMap":{"0":{"loc":{"start":{"line":52,"column":6},"end":{"line":54,"column":7}},"type":"if","locations":[{"start":{"line":52,"column":6},"end":{"line":54,"column":7}},{"start":{"line":52,"column":6},"end":{"line":54,"column":7}}],"line":52}},"s":{"0":2,"1":0,"2":2,"3":0,"4":2,"5":0,"6":2,"7":0,"8":2,"9":0,"10":0,"11":0,"12":0,"13":0,"14":0,"15":0,"16":0},"f":{"0":0,"1":0,"2":0,"3":0,"4":0,"5":0,"6":0,"7":0,"8":0},"b":{"0":[0,0]},"_coverageSchema":"332fd63041d2c1bcb487cc26dd0d5f7d97098a6c","hash":"da42fc876d4c94e83db16144082cc9dfe6ed8f39"}
,"/Users/mmartinez/Desktop/Galvanize/Q3/capstone/PieceMealV2/src/actions/recipes.js": {"path":"/Users/mmartinez/Desktop/Galvanize/Q3/capstone/PieceMealV2/src/actions/recipes.js","statementMap":{"0":{"start":{"line":3,"column":28},"end":{"line":5,"column":1}},"1":{"start":{"line":4,"column":2},"end":{"line":4,"column":54}},"2":{"start":{"line":7,"column":26},"end":{"line":9,"column":1}},"3":{"start":{"line":8,"column":2},"end":{"line":8,"column":65}},"4":{"start":{"line":11,"column":34},"end":{"line":13,"column":1}},"5":{"start":{"line":12,"column":4},"end":{"line":12,"column":67}},"6":{"start":{"line":15,"column":26},"end":{"line":20,"column":1}},"7":{"start":{"line":16,"column":2},"end":{"line":19,"column":4}},"8":{"start":{"line":23,"column":2},"end":{"line":38,"column":5}},"9":{"start":{"line":37,"column":4},"end":{"line":37,"column":22}},"10":{"start":{"line":42,"column":2},"end":{"line":42,"column":68}},"11":{"start":{"line":42,"column":56},"end":{"line":42,"column":66}},"12":{"start":{"line":46,"column":21},"end":{"line":52,"column":30}},"13":{"start":{"line":52,"column":19},"end":{"line":52,"column":29}},"14":{"start":{"line":53,"column":21},"end":{"line":59,"column":30}},"15":{"start":{"line":59,"column":19},"end":{"line":59,"column":29}},"16":{"start":{"line":60,"column":17},"end":{"line":60,"column":50}},"17":{"start":{"line":61,"column":4},"end":{"line":63,"column":7}},"18":{"start":{"line":62,"column":8},"end":{"line":62,"column":96}}},"fnMap":{"0":{"name":"(anonymous_0)","decl":{"start":{"line":3,"column":28},"end":{"line":3,"column":29}},"loc":{"start":{"line":3,"column":42},"end":{"line":5,"column":1}},"line":3},"1":{"name":"(anonymous_1)","decl":{"start":{"line":7,"column":26},"end":{"line":7,"column":27}},"loc":{"start":{"line":7,"column":32},"end":{"line":9,"column":1}},"line":7},"2":{"name":"(anonymous_2)","decl":{"start":{"line":11,"column":34},"end":{"line":11,"column":35}},"loc":{"start":{"line":11,"column":46},"end":{"line":13,"column":1}},"line":11},"3":{"name":"(anonymous_3)","decl":{"start":{"line":15,"column":26},"end":{"line":15,"column":27}},"loc":{"start":{"line":15,"column":45},"end":{"line":20,"column":1}},"line":15},"4":{"name":"postFetchRecipe","decl":{"start":{"line":22,"column":9},"end":{"line":22,"column":24}},"loc":{"start":{"line":22,"column":40},"end":{"line":39,"column":1}},"line":22},"5":{"name":"(anonymous_5)","decl":{"start":{"line":36,"column":8},"end":{"line":36,"column":9}},"loc":{"start":{"line":36,"column":17},"end":{"line":38,"column":3}},"line":36},"6":{"name":"fetchRecipes","decl":{"start":{"line":41,"column":9},"end":{"line":41,"column":21}},"loc":{"start":{"line":41,"column":24},"end":{"line":43,"column":1}},"line":41},"7":{"name":"(anonymous_7)","decl":{"start":{"line":42,"column":49},"end":{"line":42,"column":50}},"loc":{"start":{"line":42,"column":56},"end":{"line":42,"column":66}},"line":42},"8":{"name":"fetchRecipe","decl":{"start":{"line":45,"column":9},"end":{"line":45,"column":20}},"loc":{"start":{"line":45,"column":28},"end":{"line":64,"column":1}},"line":45},"9":{"name":"(anonymous_9)","decl":{"start":{"line":52,"column":12},"end":{"line":52,"column":13}},"loc":{"start":{"line":52,"column":19},"end":{"line":52,"column":29}},"line":52},"10":{"name":"(anonymous_10)","decl":{"start":{"line":59,"column":12},"end":{"line":59,"column":13}},"loc":{"start":{"line":59,"column":19},"end":{"line":59,"column":29}},"line":59},"11":{"name":"(anonymous_11)","decl":{"start":{"line":61,"column":21},"end":{"line":61,"column":22}},"loc":{"start":{"line":61,"column":63},"end":{"line":63,"column":5}},"line":61}},"branchMap":{},"s":{"0":2,"1":0,"2":2,"3":0,"4":2,"5":0,"6":2,"7":0,"8":0,"9":0,"10":0,"11":0,"12":0,"13":0,"14":0,"15":0,"16":0,"17":0,"18":0},"f":{"0":0,"1":0,"2":0,"3":0,"4":0,"5":0,"6":0,"7":0,"8":0,"9":0,"10":0,"11":0},"b":{},"_coverageSchema":"332fd63041d2c1bcb487cc26dd0d5f7d97098a6c","hash":"2fec12ab31a315155bfefca890785d2fd431b13b"}
,"/Users/mmartinez/Desktop/Galvanize/Q3/capstone/PieceMealV2/src/actions/signup.js": {"path":"/Users/mmartinez/Desktop/Galvanize/Q3/capstone/PieceMealV2/src/actions/signup.js","statementMap":{"0":{"start":{"line":3,"column":31},"end":{"line":8,"column":1}},"1":{"start":{"line":4,"column":2},"end":{"line":7,"column":4}},"2":{"start":{"line":10,"column":30},"end":{"line":15,"column":1}},"3":{"start":{"line":11,"column":2},"end":{"line":14,"column":4}},"4":{"start":{"line":17,"column":27},"end":{"line":22,"column":1}},"5":{"start":{"line":18,"column":2},"end":{"line":21,"column":4}},"6":{"start":{"line":24,"column":30},"end":{"line":29,"column":1}},"7":{"start":{"line":25,"column":2},"end":{"line":28,"column":4}},"8":{"start":{"line":31,"column":29},"end":{"line":36,"column":1}},"9":{"start":{"line":32,"column":2},"end":{"line":35,"column":4}},"10":{"start":{"line":38,"column":26},"end":{"line":43,"column":1}},"11":{"start":{"line":39,"column":2},"end":{"line":42,"column":4}},"12":{"start":{"line":46,"column":2},"end":{"line":62,"column":7}},"13":{"start":{"line":61,"column":6},"end":{"line":61,"column":24}}},"fnMap":{"0":{"name":"(anonymous_0)","decl":{"start":{"line":3,"column":31},"end":{"line":3,"column":32}},"loc":{"start":{"line":3,"column":41},"end":{"line":8,"column":1}},"line":3},"1":{"name":"(anonymous_1)","decl":{"start":{"line":10,"column":30},"end":{"line":10,"column":31}},"loc":{"start":{"line":10,"column":40},"end":{"line":15,"column":1}},"line":10},"2":{"name":"(anonymous_2)","decl":{"start":{"line":17,"column":27},"end":{"line":17,"column":28}},"loc":{"start":{"line":17,"column":37},"end":{"line":22,"column":1}},"line":17},"3":{"name":"(anonymous_3)","decl":{"start":{"line":24,"column":30},"end":{"line":24,"column":31}},"loc":{"start":{"line":24,"column":40},"end":{"line":29,"column":1}},"line":24},"4":{"name":"(anonymous_4)","decl":{"start":{"line":31,"column":29},"end":{"line":31,"column":30}},"loc":{"start":{"line":31,"column":39},"end":{"line":36,"column":1}},"line":31},"5":{"name":"(anonymous_5)","decl":{"start":{"line":38,"column":26},"end":{"line":38,"column":27}},"loc":{"start":{"line":38,"column":81},"end":{"line":43,"column":1}},"line":38},"6":{"name":"signup","decl":{"start":{"line":45,"column":9},"end":{"line":45,"column":15}},"loc":{"start":{"line":45,"column":54},"end":{"line":63,"column":3}},"line":45},"7":{"name":"(anonymous_7)","decl":{"start":{"line":60,"column":10},"end":{"line":60,"column":11}},"loc":{"start":{"line":60,"column":19},"end":{"line":62,"column":5}},"line":60}},"branchMap":{},"s":{"0":2,"1":0,"2":2,"3":0,"4":2,"5":0,"6":2,"7":0,"8":2,"9":0,"10":2,"11":0,"12":0,"13":0},"f":{"0":0,"1":0,"2":0,"3":0,"4":0,"5":0,"6":0,"7":0},"b":{},"_coverageSchema":"332fd63041d2c1bcb487cc26dd0d5f7d97098a6c","hash":"e21a411abc0c8bd1a58d203ad1fad8e0fb218837"}
,"/Users/mmartinez/Desktop/Galvanize/Q3/capstone/PieceMealV2/src/components/SearchResults.js": {"path":"/Users/mmartinez/Desktop/Galvanize/Q3/capstone/PieceMealV2/src/components/SearchResults.js","statementMap":{"0":{"start":{"line":23,"column":15},"end":{"line":25,"column":6}},"1":{"start":{"line":24,"column":33},"end":{"line":24,"column":42}},"2":{"start":{"line":27,"column":4},"end":{"line":27,"column":62}},"3":{"start":{"line":27,"column":40},"end":{"line":27,"column":58}},"4":{"start":{"line":28,"column":4},"end":{"line":28,"column":70}},"5":{"start":{"line":28,"column":44},"end":{"line":28,"column":66}},"6":{"start":{"line":29,"column":21},"end":{"line":30,"column":29}},"7":{"start":{"line":31,"column":4},"end":{"line":31,"column":38}},"8":{"start":{"line":35,"column":4},"end":{"line":47,"column":5}},"9":{"start":{"line":36,"column":6},"end":{"line":40,"column":8}},"10":{"start":{"line":42,"column":6},"end":{"line":46,"column":8}},"11":{"start":{"line":51,"column":17},"end":{"line":51,"column":38}},"12":{"start":{"line":52,"column":6},"end":{"line":61,"column":8}}},"fnMap":{"0":{"name":"(anonymous_0)","decl":{"start":{"line":22,"column":2},"end":{"line":22,"column":3}},"loc":{"start":{"line":22,"column":19},"end":{"line":32,"column":3}},"line":22},"1":{"name":"(anonymous_1)","decl":{"start":{"line":24,"column":21},"end":{"line":24,"column":22}},"loc":{"start":{"line":24,"column":33},"end":{"line":24,"column":42}},"line":24},"2":{"name":"(anonymous_2)","decl":{"start":{"line":27,"column":31},"end":{"line":27,"column":32}},"loc":{"start":{"line":27,"column":38},"end":{"line":27,"column":60}},"line":27},"3":{"name":"(anonymous_3)","decl":{"start":{"line":28,"column":35},"end":{"line":28,"column":36}},"loc":{"start":{"line":28,"column":42},"end":{"line":28,"column":68}},"line":28},"4":{"name":"(anonymous_4)","decl":{"start":{"line":34,"column":2},"end":{"line":34,"column":3}},"loc":{"start":{"line":34,"column":21},"end":{"line":48,"column":3}},"line":34},"5":{"name":"(anonymous_5)","decl":{"start":{"line":50,"column":2},"end":{"line":50,"column":3}},"loc":{"start":{"line":50,"column":11},"end":{"line":62,"column":3}},"line":50}},"branchMap":{"0":{"loc":{"start":{"line":35,"column":4},"end":{"line":47,"column":5}},"type":"if","locations":[{"start":{"line":35,"column":4},"end":{"line":47,"column":5}},{"start":{"line":35,"column":4},"end":{"line":47,"column":5}}],"line":35},"1":{"loc":{"start":{"line":54,"column":11},"end":{"line":54,"column":61}},"type":"binary-expr","locations":[{"start":{"line":54,"column":11},"end":{"line":54,"column":32}},{"start":{"line":54,"column":36},"end":{"line":54,"column":61}}],"line":54}},"s":{"0":0,"1":0,"2":0,"3":0,"4":0,"5":0,"6":0,"7":0,"8":0,"9":0,"10":0,"11":0,"12":0},"f":{"0":0,"1":0,"2":0,"3":0,"4":0,"5":0},"b":{"0":[0,0],"1":[0,0]},"_coverageSchema":"332fd63041d2c1bcb487cc26dd0d5f7d97098a6c","hash":"0b3c5e9e944b9aa6fc16d43f7837e9566fa95a19"}
,"/Users/mmartinez/Desktop/Galvanize/Q3/capstone/PieceMealV2/src/components/Ingredient/IngredientItem.js": {"path":"/Users/mmartinez/Desktop/Galvanize/Q3/capstone/PieceMealV2/src/components/Ingredient/IngredientItem.js","statementMap":{"0":{"start":{"line":12,"column":4},"end":{"line":12,"column":29}},"1":{"start":{"line":16,"column":4},"end":{"line":22,"column":7}},"2":{"start":{"line":17,"column":6},"end":{"line":21,"column":14}},"3":{"start":{"line":26,"column":4},"end":{"line":26,"column":56}},"4":{"start":{"line":27,"column":4},"end":{"line":28,"column":44}},"5":{"start":{"line":28,"column":16},"end":{"line":28,"column":43}},"6":{"start":{"line":32,"column":34},"end":{"line":32,"column":44}},"7":{"start":{"line":33,"column":63},"end":{"line":33,"column":69}},"8":{"start":{"line":34,"column":4},"end":{"line":77,"column":5}},"9":{"start":{"line":35,"column":6},"end":{"line":76,"column":8}},"10":{"start":{"line":63,"column":29},"end":{"line":63,"column":101}},"11":{"start":{"line":81,"column":42},"end":{"line":81,"column":48}},"12":{"start":{"line":82,"column":25},"end":{"line":82,"column":43}},"13":{"start":{"line":84,"column":4},"end":{"line":95,"column":6}},"14":{"start":{"line":86,"column":23},"end":{"line":86,"column":54}},"15":{"start":{"line":99,"column":27},"end":{"line":101,"column":1}},"16":{"start":{"line":100,"column":2},"end":{"line":100,"column":94}},"17":{"start":{"line":103,"column":24},"end":{"line":108,"column":1}},"18":{"start":{"line":104,"column":19},"end":{"line":104,"column":69}},"19":{"start":{"line":105,"column":15},"end":{"line":105,"column":38}},"20":{"start":{"line":107,"column":2},"end":{"line":107,"column":28}},"21":{"start":{"line":110,"column":15},"end":{"line":130,"column":1}}},"fnMap":{"0":{"name":"(anonymous_0)","decl":{"start":{"line":11,"column":2},"end":{"line":11,"column":3}},"loc":{"start":{"line":11,"column":24},"end":{"line":13,"column":3}},"line":11},"1":{"name":"(anonymous_1)","decl":{"start":{"line":15,"column":2},"end":{"line":15,"column":3}},"loc":{"start":{"line":15,"column":16},"end":{"line":23,"column":3}},"line":15},"2":{"name":"(anonymous_2)","decl":{"start":{"line":16,"column":39},"end":{"line":16,"column":40}},"loc":{"start":{"line":17,"column":6},"end":{"line":21,"column":14}},"line":17},"3":{"name":"(anonymous_3)","decl":{"start":{"line":25,"column":2},"end":{"line":25,"column":3}},"loc":{"start":{"line":25,"column":29},"end":{"line":29,"column":3}},"line":25},"4":{"name":"(anonymous_4)","decl":{"start":{"line":28,"column":10},"end":{"line":28,"column":11}},"loc":{"start":{"line":28,"column":16},"end":{"line":28,"column":43}},"line":28},"5":{"name":"(anonymous_5)","decl":{"start":{"line":31,"column":2},"end":{"line":31,"column":3}},"loc":{"start":{"line":31,"column":22},"end":{"line":78,"column":3}},"line":31},"6":{"name":"(anonymous_6)","decl":{"start":{"line":63,"column":23},"end":{"line":63,"column":24}},"loc":{"start":{"line":63,"column":29},"end":{"line":63,"column":101}},"line":63},"7":{"name":"(anonymous_7)","decl":{"start":{"line":80,"column":2},"end":{"line":80,"column":3}},"loc":{"start":{"line":80,"column":11},"end":{"line":96,"column":3}},"line":80},"8":{"name":"(anonymous_8)","decl":{"start":{"line":86,"column":17},"end":{"line":86,"column":18}},"loc":{"start":{"line":86,"column":23},"end":{"line":86,"column":54}},"line":86},"9":{"name":"(anonymous_9)","decl":{"start":{"line":99,"column":27},"end":{"line":99,"column":28}},"loc":{"start":{"line":99,"column":41},"end":{"line":101,"column":1}},"line":99},"10":{"name":"(anonymous_10)","decl":{"start":{"line":103,"column":24},"end":{"line":103,"column":25}},"loc":{"start":{"line":103,"column":45},"end":{"line":108,"column":1}},"line":103}},"branchMap":{"0":{"loc":{"start":{"line":34,"column":4},"end":{"line":77,"column":5}},"type":"if","locations":[{"start":{"line":34,"column":4},"end":{"line":77,"column":5}},{"start":{"line":34,"column":4},"end":{"line":77,"column":5}}],"line":34},"1":{"loc":{"start":{"line":60,"column":11},"end":{"line":74,"column":21}},"type":"binary-expr","locations":[{"start":{"line":60,"column":11},"end":{"line":60,"column":26}},{"start":{"line":61,"column":12},"end":{"line":74,"column":21}}],"line":60}},"s":{"0":0,"1":0,"2":0,"3":0,"4":0,"5":0,"6":0,"7":0,"8":0,"9":0,"10":0,"11":0,"12":0,"13":0,"14":0,"15":1,"16":0,"17":1,"18":0,"19":0,"20":0,"21":1},"f":{"0":0,"1":0,"2":0,"3":0,"4":0,"5":0,"6":0,"7":0,"8":0,"9":0,"10":0},"b":{"0":[0,0],"1":[0,0]},"_coverageSchema":"332fd63041d2c1bcb487cc26dd0d5f7d97098a6c","hash":"23243b06e94a8ce114a104bffd93cf953d8e946b"}
,"/Users/mmartinez/Desktop/Galvanize/Q3/capstone/PieceMealV2/src/components/Ingredient/RestrictedIngredients.js": {"path":"/Users/mmartinez/Desktop/Galvanize/Q3/capstone/PieceMealV2/src/components/Ingredient/RestrictedIngredients.js","statementMap":{"0":{"start":{"line":8,"column":17},"end":{"line":10,"column":8}},"1":{"start":{"line":9,"column":37},"end":{"line":9,"column":46}},"2":{"start":{"line":12,"column":6},"end":{"line":12,"column":58}},"3":{"start":{"line":16,"column":4},"end":{"line":16,"column":26}},"4":{"start":{"line":17,"column":4},"end":{"line":36,"column":6}},"5":{"start":{"line":19,"column":23},"end":{"line":19,"column":37}},"6":{"start":{"line":27,"column":16},"end":{"line":32,"column":27}},"7":{"start":{"line":40,"column":15},"end":{"line":54,"column":1}}},"fnMap":{"0":{"name":"(anonymous_0)","decl":{"start":{"line":7,"column":2},"end":{"line":7,"column":3}},"loc":{"start":{"line":7,"column":19},"end":{"line":13,"column":3}},"line":7},"1":{"name":"(anonymous_1)","decl":{"start":{"line":9,"column":25},"end":{"line":9,"column":26}},"loc":{"start":{"line":9,"column":37},"end":{"line":9,"column":46}},"line":9},"2":{"name":"(anonymous_2)","decl":{"start":{"line":15,"column":2},"end":{"line":15,"column":3}},"loc":{"start":{"line":15,"column":11},"end":{"line":37,"column":3}},"line":15},"3":{"name":"(anonymous_3)","decl":{"start":{"line":19,"column":17},"end":{"line":19,"column":18}},"loc":{"start":{"line":19,"column":23},"end":{"line":19,"column":37}},"line":19},"4":{"name":"(anonymous_4)","decl":{"start":{"line":26,"column":14},"end":{"line":26,"column":15}},"loc":{"start":{"line":27,"column":16},"end":{"line":32,"column":27}},"line":27}},"branchMap":{},"s":{"0":1,"1":0,"2":1,"3":1,"4":0,"5":0,"6":0,"7":1},"f":{"0":1,"1":0,"2":1,"3":0,"4":0},"b":{},"_coverageSchema":"332fd63041d2c1bcb487cc26dd0d5f7d97098a6c","hash":"1ac7f83bf8d48b41fbc17776a764bc1887c41b84"}
,"/Users/mmartinez/Desktop/Galvanize/Q3/capstone/PieceMealV2/src/components/Recipe/RecipeItem.js": {"path":"/Users/mmartinez/Desktop/Galvanize/Q3/capstone/PieceMealV2/src/components/Recipe/RecipeItem.js","statementMap":{"0":{"start":{"line":9,"column":4},"end":{"line":9,"column":29}},"1":{"start":{"line":13,"column":4},"end":{"line":17,"column":5}},"2":{"start":{"line":14,"column":6},"end":{"line":16,"column":14}},"3":{"start":{"line":21,"column":34},"end":{"line":21,"column":44}},"4":{"start":{"line":22,"column":4},"end":{"line":40,"column":5}},"5":{"start":{"line":23,"column":6},"end":{"line":39,"column":8}},"6":{"start":{"line":44,"column":42},"end":{"line":44,"column":48}},"7":{"start":{"line":45,"column":25},"end":{"line":45,"column":43}},"8":{"start":{"line":47,"column":4},"end":{"line":58,"column":6}},"9":{"start":{"line":49,"column":23},"end":{"line":49,"column":50}},"10":{"start":{"line":62,"column":24},"end":{"line":65,"column":1}},"11":{"start":{"line":63,"column":19},"end":{"line":63,"column":65}},"12":{"start":{"line":64,"column":2},"end":{"line":64,"column":22}},"13":{"start":{"line":67,"column":15},"end":{"line":81,"column":1}}},"fnMap":{"0":{"name":"(anonymous_0)","decl":{"start":{"line":8,"column":2},"end":{"line":8,"column":3}},"loc":{"start":{"line":8,"column":24},"end":{"line":10,"column":3}},"line":8},"1":{"name":"(anonymous_1)","decl":{"start":{"line":12,"column":2},"end":{"line":12,"column":3}},"loc":{"start":{"line":12,"column":16},"end":{"line":18,"column":3}},"line":12},"2":{"name":"(anonymous_2)","decl":{"start":{"line":13,"column":39},"end":{"line":13,"column":40}},"loc":{"start":{"line":14,"column":6},"end":{"line":16,"column":14}},"line":14},"3":{"name":"(anonymous_3)","decl":{"start":{"line":20,"column":2},"end":{"line":20,"column":3}},"loc":{"start":{"line":20,"column":22},"end":{"line":41,"column":3}},"line":20},"4":{"name":"(anonymous_4)","decl":{"start":{"line":43,"column":2},"end":{"line":43,"column":3}},"loc":{"start":{"line":43,"column":11},"end":{"line":59,"column":3}},"line":43},"5":{"name":"(anonymous_5)","decl":{"start":{"line":49,"column":17},"end":{"line":49,"column":18}},"loc":{"start":{"line":49,"column":23},"end":{"line":49,"column":50}},"line":49},"6":{"name":"(anonymous_6)","decl":{"start":{"line":62,"column":24},"end":{"line":62,"column":25}},"loc":{"start":{"line":62,"column":45},"end":{"line":65,"column":1}},"line":62}},"branchMap":{"0":{"loc":{"start":{"line":22,"column":4},"end":{"line":40,"column":5}},"type":"if","locations":[{"start":{"line":22,"column":4},"end":{"line":40,"column":5}},{"start":{"line":22,"column":4},"end":{"line":40,"column":5}}],"line":22},"1":{"loc":{"start":{"line":25,"column":11},"end":{"line":30,"column":21}},"type":"binary-expr","locations":[{"start":{"line":25,"column":11},"end":{"line":25,"column":32}},{"start":{"line":26,"column":10},"end":{"line":30,"column":21}}],"line":25},"2":{"loc":{"start":{"line":31,"column":11},"end":{"line":34,"column":21}},"type":"binary-expr","locations":[{"start":{"line":31,"column":11},"end":{"line":31,"column":30}},{"start":{"line":32,"column":10},"end":{"line":34,"column":21}}],"line":31},"3":{"loc":{"start":{"line":36,"column":13},"end":{"line":36,"column":58}},"type":"binary-expr","locations":[{"start":{"line":36,"column":13},"end":{"line":36,"column":36}},{"start":{"line":36,"column":40},"end":{"line":36,"column":58}}],"line":36}},"s":{"0":0,"1":0,"2":0,"3":0,"4":0,"5":0,"6":0,"7":0,"8":0,"9":0,"10":1,"11":0,"12":0,"13":1},"f":{"0":0,"1":0,"2":0,"3":0,"4":0,"5":0,"6":0},"b":{"0":[0,0],"1":[0,0],"2":[0,0],"3":[0,0]},"_coverageSchema":"332fd63041d2c1bcb487cc26dd0d5f7d97098a6c","hash":"64f38c6b053657946270980d22cfa60f4c6b9525"}
,"/Users/mmartinez/Desktop/Galvanize/Q3/capstone/PieceMealV2/src/config/api.js": {"path":"/Users/mmartinez/Desktop/Galvanize/Q3/capstone/PieceMealV2/src/config/api.js","statementMap":{"0":{"start":{"line":2,"column":16},"end":{"line":2,"column":53}}},"fnMap":{},"branchMap":{},"s":{"0":2},"f":{},"b":{},"_coverageSchema":"332fd63041d2c1bcb487cc26dd0d5f7d97098a6c","hash":"ae54e4e2d7b54f382c3d88d78402e423eb5db268"}
,"/Users/mmartinez/Desktop/Galvanize/Q3/capstone/PieceMealV2/src/reducers/RecipeSelectionReducer.js": {"path":"/Users/mmartinez/Desktop/Galvanize/Q3/capstone/PieceMealV2/src/reducers/RecipeSelectionReducer.js","statementMap":{"0":{"start":{"line":2,"column":2},"end":{"line":7,"column":3}},"1":{"start":{"line":4,"column":6},"end":{"line":4,"column":28}},"2":{"start":{"line":6,"column":6},"end":{"line":6,"column":19}}},"fnMap":{"0":{"name":"(anonymous_0)","decl":{"start":{"line":1,"column":15},"end":{"line":1,"column":16}},"loc":{"start":{"line":1,"column":41},"end":{"line":8,"column":1}},"line":1}},"branchMap":{"0":{"loc":{"start":{"line":1,"column":16},"end":{"line":1,"column":28}},"type":"default-arg","locations":[{"start":{"line":1,"column":24},"end":{"line":1,"column":28}}],"line":1},"1":{"loc":{"start":{"line":2,"column":2},"end":{"line":7,"column":3}},"type":"switch","locations":[{"start":{"line":3,"column":4},"end":{"line":4,"column":28}},{"start":{"line":5,"column":4},"end":{"line":6,"column":19}}],"line":2}},"s":{"0":8,"1":1,"2":7},"f":{"0":8},"b":{"0":[3],"1":[1,7]},"_coverageSchema":"332fd63041d2c1bcb487cc26dd0d5f7d97098a6c","hash":"97d6ed528f2cc5e29bb8682bbe6624b406271239"}
,"/Users/mmartinez/Desktop/Galvanize/Q3/capstone/PieceMealV2/src/reducers/RecipesReducer.js": {"path":"/Users/mmartinez/Desktop/Galvanize/Q3/capstone/PieceMealV2/src/reducers/RecipesReducer.js","statementMap":{"0":{"start":{"line":1,"column":22},"end":{"line":1,"column":39}},"1":{"start":{"line":3,"column":23},"end":{"line":16,"column":1}},"2":{"start":{"line":4,"column":2},"end":{"line":15,"column":3}},"3":{"start":{"line":6,"column":4},"end":{"line":9,"column":7}},"4":{"start":{"line":11,"column":6},"end":{"line":11,"column":28}},"5":{"start":{"line":14,"column":6},"end":{"line":14,"column":19}}},"fnMap":{"0":{"name":"(anonymous_0)","decl":{"start":{"line":3,"column":23},"end":{"line":3,"column":24}},"loc":{"start":{"line":3,"column":58},"end":{"line":16,"column":1}},"line":3}},"branchMap":{"0":{"loc":{"start":{"line":3,"column":24},"end":{"line":3,"column":45}},"type":"default-arg","locations":[{"start":{"line":3,"column":32},"end":{"line":3,"column":45}}],"line":3},"1":{"loc":{"start":{"line":4,"column":2},"end":{"line":15,"column":3}},"type":"switch","locations":[{"start":{"line":5,"column":4},"end":{"line":9,"column":7}},{"start":{"line":10,"column":4},"end":{"line":11,"column":28}},{"start":{"line":13,"column":4},"end":{"line":14,"column":19}}],"line":4}},"s":{"0":2,"1":2,"2":9,"3":1,"4":1,"5":7},"f":{"0":9},"b":{"0":[3],"1":[1,1,7]},"_coverageSchema":"332fd63041d2c1bcb487cc26dd0d5f7d97098a6c","hash":"50098a2d669ae3d311bb00a5be5bcc2b52e47c40"}
,"/Users/mmartinez/Desktop/Galvanize/Q3/capstone/PieceMealV2/src/reducers/chartsReducer.js": {"path":"/Users/mmartinez/Desktop/Galvanize/Q3/capstone/PieceMealV2/src/reducers/chartsReducer.js","statementMap":{"0":{"start":{"line":1,"column":22},"end":{"line":3,"column":1}},"1":{"start":{"line":6,"column":2},"end":{"line":23,"column":3}},"2":{"start":{"line":8,"column":18},"end":{"line":10,"column":11}},"3":{"start":{"line":9,"column":8},"end":{"line":9,"column":41}},"4":{"start":{"line":12,"column":6},"end":{"line":18,"column":9}},"5":{"start":{"line":13,"column":8},"end":{"line":13,"column":40}},"6":{"start":{"line":14,"column":21},"end":{"line":14,"column":62}},"7":{"start":{"line":15,"column":8},"end":{"line":15,"column":47}},"8":{"start":{"line":16,"column":8},"end":{"line":16,"column":28}},"9":{"start":{"line":17,"column":8},"end":{"line":17,"column":19}},"10":{"start":{"line":20,"column":6},"end":{"line":20,"column":59}},"11":{"start":{"line":22,"column":5},"end":{"line":22,"column":18}}},"fnMap":{"0":{"name":"(anonymous_0)","decl":{"start":{"line":5,"column":15},"end":{"line":5,"column":16}},"loc":{"start":{"line":5,"column":50},"end":{"line":24,"column":1}},"line":5},"1":{"name":"(anonymous_1)","decl":{"start":{"line":8,"column":40},"end":{"line":8,"column":41}},"loc":{"start":{"line":8,"column":54},"end":{"line":10,"column":7}},"line":8},"2":{"name":"(anonymous_2)","decl":{"start":{"line":12,"column":42},"end":{"line":12,"column":43}},"loc":{"start":{"line":12,"column":51},"end":{"line":18,"column":7}},"line":12}},"branchMap":{"0":{"loc":{"start":{"line":5,"column":16},"end":{"line":5,"column":37}},"type":"default-arg","locations":[{"start":{"line":5,"column":24},"end":{"line":5,"column":37}}],"line":5},"1":{"loc":{"start":{"line":6,"column":2},"end":{"line":23,"column":3}},"type":"switch","locations":[{"start":{"line":7,"column":4},"end":{"line":20,"column":59}},{"start":{"line":21,"column":4},"end":{"line":22,"column":18}}],"line":6}},"s":{"0":2,"1":7,"2":0,"3":0,"4":0,"5":0,"6":0,"7":0,"8":0,"9":0,"10":0,"11":7},"f":{"0":7,"1":0,"2":0},"b":{"0":[3],"1":[0,7]},"_coverageSchema":"332fd63041d2c1bcb487cc26dd0d5f7d97098a6c","hash":"da54e423187ec2f0844bad6b0641b9d07b4c64d7"}
,"/Users/mmartinez/Desktop/Galvanize/Q3/capstone/PieceMealV2/src/reducers/clientReducer.js": {"path":"/Users/mmartinez/Desktop/Galvanize/Q3/capstone/PieceMealV2/src/reducers/clientReducer.js","statementMap":{"0":{"start":{"line":1,"column":22},"end":{"line":12,"column":1}},"1":{"start":{"line":16,"column":2},"end":{"line":40,"column":3}},"2":{"start":{"line":19,"column":6},"end":{"line":19,"column":41}},"3":{"start":{"line":22,"column":6},"end":{"line":24,"column":7}},"4":{"start":{"line":23,"column":8},"end":{"line":23,"column":29}},"5":{"start":{"line":25,"column":6},"end":{"line":25,"column":66}},"6":{"start":{"line":28,"column":6},"end":{"line":33,"column":8}},"7":{"start":{"line":36,"column":6},"end":{"line":36,"column":50}},"8":{"start":{"line":39,"column":6},"end":{"line":39,"column":19}}},"fnMap":{"0":{"name":"(anonymous_0)","decl":{"start":{"line":14,"column":14},"end":{"line":14,"column":15}},"loc":{"start":{"line":14,"column":49},"end":{"line":41,"column":1}},"line":14}},"branchMap":{"0":{"loc":{"start":{"line":14,"column":15},"end":{"line":14,"column":36}},"type":"default-arg","locations":[{"start":{"line":14,"column":23},"end":{"line":14,"column":36}}],"line":14},"1":{"loc":{"start":{"line":16,"column":2},"end":{"line":40,"column":3}},"type":"switch","locations":[{"start":{"line":18,"column":4},"end":{"line":19,"column":41}},{"start":{"line":21,"column":4},"end":{"line":25,"column":66}},{"start":{"line":27,"column":4},"end":{"line":33,"column":8}},{"start":{"line":35,"column":4},"end":{"line":36,"column":50}},{"start":{"line":38,"column":4},"end":{"line":39,"column":19}}],"line":16},"2":{"loc":{"start":{"line":22,"column":6},"end":{"line":24,"column":7}},"type":"if","locations":[{"start":{"line":22,"column":6},"end":{"line":24,"column":7}},{"start":{"line":22,"column":6},"end":{"line":24,"column":7}}],"line":22}},"s":{"0":2,"1":13,"2":1,"3":3,"4":2,"5":1,"6":2,"7":1,"8":6},"f":{"0":13},"b":{"0":[3],"1":[1,3,2,1,6],"2":[2,1]},"_coverageSchema":"332fd63041d2c1bcb487cc26dd0d5f7d97098a6c","hash":"c5c44b30e4b13dd1f3a712eed98aca93593192e3"}
,"/Users/mmartinez/Desktop/Galvanize/Q3/capstone/PieceMealV2/src/reducers/index.js": {"path":"/Users/mmartinez/Desktop/Galvanize/Q3/capstone/PieceMealV2/src/reducers/index.js","statementMap":{},"fnMap":{},"branchMap":{},"s":{},"f":{},"b":{},"_coverageSchema":"332fd63041d2c1bcb487cc26dd0d5f7d97098a6c","hash":"ccba055705651a4a024dfbc26e1a1627594e0780"}
,"/Users/mmartinez/Desktop/Galvanize/Q3/capstone/PieceMealV2/src/reducers/ingredientSelectionReducer.js": {"path":"/Users/mmartinez/Desktop/Galvanize/Q3/capstone/PieceMealV2/src/reducers/ingredientSelectionReducer.js","statementMap":{"0":{"start":{"line":3,"column":2},"end":{"line":8,"column":3}},"1":{"start":{"line":5,"column":6},"end":{"line":5,"column":28}},"2":{"start":{"line":7,"column":6},"end":{"line":7,"column":19}}},"fnMap":{"0":{"name":"(anonymous_0)","decl":{"start":{"line":2,"column":15},"end":{"line":2,"column":16}},"loc":{"start":{"line":2,"column":41},"end":{"line":9,"column":1}},"line":2}},"branchMap":{"0":{"loc":{"start":{"line":2,"column":16},"end":{"line":2,"column":28}},"type":"default-arg","locations":[{"start":{"line":2,"column":24},"end":{"line":2,"column":28}}],"line":2},"1":{"loc":{"start":{"line":3,"column":2},"end":{"line":8,"column":3}},"type":"switch","locations":[{"start":{"line":4,"column":4},"end":{"line":5,"column":28}},{"start":{"line":6,"column":4},"end":{"line":7,"column":19}}],"line":3}},"s":{"0":2,"1":0,"2":2},"f":{"0":2},"b":{"0":[2],"1":[0,2]},"_coverageSchema":"332fd63041d2c1bcb487cc26dd0d5f7d97098a6c","hash":"076a23af6d410db458f3df16a27bc7b65048e0e3"}
,"/Users/mmartinez/Desktop/Galvanize/Q3/capstone/PieceMealV2/src/reducers/ingredientsReducer.js": {"path":"/Users/mmartinez/Desktop/Galvanize/Q3/capstone/PieceMealV2/src/reducers/ingredientsReducer.js","statementMap":{"0":{"start":{"line":2,"column":22},"end":{"line":2,"column":73}},"1":{"start":{"line":4,"column":20},"end":{"line":32,"column":1}},"2":{"start":{"line":5,"column":2},"end":{"line":31,"column":3}},"3":{"start":{"line":7,"column":6},"end":{"line":7,"column":80}},"4":{"start":{"line":9,"column":4},"end":{"line":9,"column":42}},"5":{"start":{"line":11,"column":6},"end":{"line":11,"column":86}},"6":{"start":{"line":14,"column":6},"end":{"line":14,"column":61}},"7":{"start":{"line":16,"column":6},"end":{"line":16,"column":86}},"8":{"start":{"line":18,"column":6},"end":{"line":18,"column":87}},"9":{"start":{"line":21,"column":6},"end":{"line":21,"column":52}},"10":{"start":{"line":24,"column":6},"end":{"line":24,"column":71}},"11":{"start":{"line":26,"column":6},"end":{"line":26,"column":44}},"12":{"start":{"line":28,"column":6},"end":{"line":28,"column":71}},"13":{"start":{"line":30,"column":6},"end":{"line":30,"column":19}}},"fnMap":{"0":{"name":"(anonymous_0)","decl":{"start":{"line":4,"column":20},"end":{"line":4,"column":21}},"loc":{"start":{"line":4,"column":55},"end":{"line":32,"column":1}},"line":4}},"branchMap":{"0":{"loc":{"start":{"line":4,"column":21},"end":{"line":4,"column":42}},"type":"default-arg","locations":[{"start":{"line":4,"column":29},"end":{"line":4,"column":42}}],"line":4},"1":{"loc":{"start":{"line":5,"column":2},"end":{"line":31,"column":3}},"type":"switch","locations":[{"start":{"line":6,"column":4},"end":{"line":7,"column":80}},{"start":{"line":8,"column":4},"end":{"line":9,"column":42}},{"start":{"line":10,"column":4},"end":{"line":11,"column":86}},{"start":{"line":13,"column":4},"end":{"line":14,"column":61}},{"start":{"line":15,"column":4},"end":{"line":16,"column":86}},{"start":{"line":17,"column":4},"end":{"line":18,"column":87}},{"start":{"line":20,"column":4},"end":{"line":21,"column":52}},{"start":{"line":23,"column":4},"end":{"line":24,"column":71}},{"start":{"line":25,"column":4},"end":{"line":26,"column":44}},{"start":{"line":27,"column":4},"end":{"line":28,"column":71}},{"start":{"line":29,"column":4},"end":{"line":30,"column":19}}],"line":5}},"s":{"0":2,"1":2,"2":24,"3":2,"4":2,"5":2,"6":2,"7":3,"8":3,"9":1,"10":2,"11":1,"12":2,"13":4},"f":{"0":24},"b":{"0":[3],"1":[2,2,2,2,3,3,1,2,1,2,4]},"_coverageSchema":"332fd63041d2c1bcb487cc26dd0d5f7d97098a6c","hash":"dc9c6cfd5294249875ace2b3066fccb9f7518398"}
,"/Users/mmartinez/Desktop/Galvanize/Q3/capstone/PieceMealV2/src/reducers/loginReducer.js": {"path":"/Users/mmartinez/Desktop/Galvanize/Q3/capstone/PieceMealV2/src/reducers/loginReducer.js","statementMap":{"0":{"start":{"line":1,"column":22},"end":{"line":7,"column":1}},"1":{"start":{"line":10,"column":2},"end":{"line":25,"column":3}},"2":{"start":{"line":12,"column":6},"end":{"line":12,"column":49}},"3":{"start":{"line":14,"column":6},"end":{"line":14,"column":52}},"4":{"start":{"line":16,"column":6},"end":{"line":16,"column":64}},"5":{"start":{"line":18,"column":6},"end":{"line":18,"column":75}},"6":{"start":{"line":20,"column":6},"end":{"line":20,"column":80}},"7":{"start":{"line":22,"column":6},"end":{"line":22,"column":47}},"8":{"start":{"line":24,"column":5},"end":{"line":24,"column":18}}},"fnMap":{"0":{"name":"(anonymous_0)","decl":{"start":{"line":9,"column":15},"end":{"line":9,"column":16}},"loc":{"start":{"line":9,"column":50},"end":{"line":26,"column":1}},"line":9}},"branchMap":{"0":{"loc":{"start":{"line":9,"column":16},"end":{"line":9,"column":37}},"type":"default-arg","locations":[{"start":{"line":9,"column":24},"end":{"line":9,"column":37}}],"line":9},"1":{"loc":{"start":{"line":10,"column":2},"end":{"line":25,"column":3}},"type":"switch","locations":[{"start":{"line":11,"column":4},"end":{"line":12,"column":49}},{"start":{"line":13,"column":4},"end":{"line":14,"column":52}},{"start":{"line":15,"column":4},"end":{"line":16,"column":64}},{"start":{"line":17,"column":4},"end":{"line":18,"column":75}},{"start":{"line":19,"column":4},"end":{"line":20,"column":80}},{"start":{"line":21,"column":4},"end":{"line":22,"column":47}},{"start":{"line":23,"column":4},"end":{"line":24,"column":18}}],"line":10}},"s":{"0":2,"1":12,"2":1,"3":1,"4":1,"5":1,"6":1,"7":1,"8":6},"f":{"0":12},"b":{"0":[3],"1":[1,1,1,1,1,1,6]},"_coverageSchema":"332fd63041d2c1bcb487cc26dd0d5f7d97098a6c","hash":"5a65f57c43391c8a840219d349c7a120a5116830"}
,"/Users/mmartinez/Desktop/Galvanize/Q3/capstone/PieceMealV2/src/reducers/searchRecipeReducer.js": {"path":"/Users/mmartinez/Desktop/Galvanize/Q3/capstone/PieceMealV2/src/reducers/searchRecipeReducer.js","statementMap":{"0":{"start":{"line":1,"column":16},"end":{"line":4,"column":1}},"1":{"start":{"line":5,"column":21},"end":{"line":12,"column":1}},"2":{"start":{"line":6,"column":2},"end":{"line":11,"column":3}},"3":{"start":{"line":8,"column":6},"end":{"line":8,"column":28}},"4":{"start":{"line":10,"column":6},"end":{"line":10,"column":19}}},"fnMap":{"0":{"name":"(anonymous_0)","decl":{"start":{"line":5,"column":21},"end":{"line":5,"column":22}},"loc":{"start":{"line":5,"column":50},"end":{"line":12,"column":1}},"line":5}},"branchMap":{"0":{"loc":{"start":{"line":5,"column":22},"end":{"line":5,"column":37}},"type":"default-arg","locations":[{"start":{"line":5,"column":30},"end":{"line":5,"column":37}}],"line":5},"1":{"loc":{"start":{"line":6,"column":2},"end":{"line":11,"column":3}},"type":"switch","locations":[{"start":{"line":7,"column":4},"end":{"line":8,"column":28}},{"start":{"line":9,"column":4},"end":{"line":10,"column":19}}],"line":6}},"s":{"0":1,"1":1,"2":2,"3":0,"4":2},"f":{"0":2},"b":{"0":[2],"1":[0,2]},"_coverageSchema":"332fd63041d2c1bcb487cc26dd0d5f7d97098a6c","hash":"ad464e6483846b3e3ac917a25219a14f5de5e38b"}
,"/Users/mmartinez/Desktop/Galvanize/Q3/capstone/PieceMealV2/src/reducers/signupReducer.js": {"path":"/Users/mmartinez/Desktop/Galvanize/Q3/capstone/PieceMealV2/src/reducers/signupReducer.js","statementMap":{"0":{"start":{"line":1,"column":22},"end":{"line":11,"column":1}},"1":{"start":{"line":14,"column":2},"end":{"line":39,"column":3}},"2":{"start":{"line":16,"column":6},"end":{"line":16,"column":53}},"3":{"start":{"line":18,"column":6},"end":{"line":18,"column":52}},"4":{"start":{"line":20,"column":6},"end":{"line":20,"column":49}},"5":{"start":{"line":22,"column":6},"end":{"line":25,"column":8}},"6":{"start":{"line":27,"column":6},"end":{"line":30,"column":8}},"7":{"start":{"line":32,"column":6},"end":{"line":32,"column":64}},"8":{"start":{"line":34,"column":6},"end":{"line":34,"column":75}},"9":{"start":{"line":36,"column":6},"end":{"line":36,"column":80}},"10":{"start":{"line":38,"column":5},"end":{"line":38,"column":18}}},"fnMap":{"0":{"name":"(anonymous_0)","decl":{"start":{"line":13,"column":15},"end":{"line":13,"column":16}},"loc":{"start":{"line":13,"column":50},"end":{"line":40,"column":1}},"line":13}},"branchMap":{"0":{"loc":{"start":{"line":13,"column":16},"end":{"line":13,"column":37}},"type":"default-arg","locations":[{"start":{"line":13,"column":24},"end":{"line":13,"column":37}}],"line":13},"1":{"loc":{"start":{"line":14,"column":2},"end":{"line":39,"column":3}},"type":"switch","locations":[{"start":{"line":15,"column":4},"end":{"line":16,"column":53}},{"start":{"line":17,"column":4},"end":{"line":18,"column":52}},{"start":{"line":19,"column":4},"end":{"line":20,"column":49}},{"start":{"line":21,"column":4},"end":{"line":25,"column":8}},{"start":{"line":26,"column":4},"end":{"line":30,"column":8}},{"start":{"line":31,"column":4},"end":{"line":32,"column":64}},{"start":{"line":33,"column":4},"end":{"line":34,"column":75}},{"start":{"line":35,"column":4},"end":{"line":36,"column":80}},{"start":{"line":37,"column":4},"end":{"line":38,"column":18}}],"line":14}},"s":{"0":1,"1":2,"2":0,"3":0,"4":0,"5":0,"6":0,"7":0,"8":0,"9":0,"10":2},"f":{"0":2},"b":{"0":[2],"1":[0,0,0,0,0,0,0,0,2]},"_coverageSchema":"332fd63041d2c1bcb487cc26dd0d5f7d97098a6c","hash":"b8a77fcdb8deafff16649b4784be6c1f201398b4"}
,"/Users/mmartinez/Desktop/Galvanize/Q3/capstone/PieceMealV2/src/screens/LandingPage.js": {"path":"/Users/mmartinez/Desktop/Galvanize/Q3/capstone/PieceMealV2/src/screens/LandingPage.js","statementMap":{"0":{"start":{"line":9,"column":49},"end":{"line":14,"column":2}},"1":{"start":{"line":12,"column":6},"end":{"line":12,"column":26}},"2":{"start":{"line":17,"column":3},"end":{"line":17,"column":31}},"3":{"start":{"line":21,"column":3},"end":{"line":35,"column":5}},"4":{"start":{"line":27,"column":38},"end":{"line":27,"column":70}},"5":{"start":{"line":40,"column":35},"end":{"line":47,"column":1}},"6":{"start":{"line":42,"column":1},"end":{"line":46,"column":3}},"7":{"start":{"line":49,"column":38},"end":{"line":55,"column":1}},"8":{"start":{"line":50,"column":1},"end":{"line":54,"column":3}},"9":{"start":{"line":52,"column":5},"end":{"line":52,"column":43}},"10":{"start":{"line":57,"column":29},"end":{"line":58,"column":72}}},"fnMap":{"0":{"name":"(anonymous_0)","decl":{"start":{"line":9,"column":28},"end":{"line":9,"column":29}},"loc":{"start":{"line":9,"column":49},"end":{"line":14,"column":2}},"line":9},"1":{"name":"(anonymous_1)","decl":{"start":{"line":11,"column":17},"end":{"line":11,"column":18}},"loc":{"start":{"line":12,"column":6},"end":{"line":12,"column":26}},"line":12},"2":{"name":"(anonymous_2)","decl":{"start":{"line":16,"column":1},"end":{"line":16,"column":2}},"loc":{"start":{"line":16,"column":21},"end":{"line":18,"column":2}},"line":16},"3":{"name":"(anonymous_3)","decl":{"start":{"line":20,"column":1},"end":{"line":20,"column":2}},"loc":{"start":{"line":20,"column":10},"end":{"line":36,"column":2}},"line":20},"4":{"name":"(anonymous_4)","decl":{"start":{"line":27,"column":25},"end":{"line":27,"column":26}},"loc":{"start":{"line":27,"column":38},"end":{"line":27,"column":70}},"line":27},"5":{"name":"(anonymous_5)","decl":{"start":{"line":40,"column":35},"end":{"line":40,"column":36}},"loc":{"start":{"line":40,"column":46},"end":{"line":47,"column":1}},"line":40},"6":{"name":"(anonymous_6)","decl":{"start":{"line":49,"column":38},"end":{"line":49,"column":39}},"loc":{"start":{"line":49,"column":52},"end":{"line":55,"column":1}},"line":49},"7":{"name":"(anonymous_7)","decl":{"start":{"line":51,"column":17},"end":{"line":51,"column":18}},"loc":{"start":{"line":51,"column":30},"end":{"line":53,"column":4}},"line":51}},"branchMap":{},"s":{"0":0,"1":0,"2":0,"3":0,"4":0,"5":1,"6":1,"7":1,"8":0,"9":0,"10":1},"f":{"0":0,"1":0,"2":0,"3":0,"4":0,"5":1,"6":0,"7":0},"b":{},"_coverageSchema":"332fd63041d2c1bcb487cc26dd0d5f7d97098a6c","hash":"100b75563db8f422ebbaad929d2dc3e0756912d8"}
}
