TN:
SF:/Users/mmartinez/Desktop/Galvanize/Q3/capstone/PieceMealV2/src/actions/charts.js
FN:3,(anonymous_0)
FN:10,getIngredientData
FN:19,(anonymous_2)
FNF:3
FNH:0
FNDA:0,(anonymous_0)
FNDA:0,getIngredientData
FNDA:0,(anonymous_2)
DA:3,6
DA:4,0
DA:11,0
DA:20,0
LF:4
LH:1
BRF:0
BRH:0
end_of_record
TN:
SF:/Users/mmartinez/Desktop/Galvanize/Q3/capstone/PieceMealV2/src/actions/client.js
FN:3,(anonymous_0)
FN:10,(anonymous_1)
FN:17,(anonymous_2)
FN:24,getClient
FN:34,(anonymous_4)
FN:40,updateRestrictions
FN:50,(anonymous_6)
FNF:7
FNH:1
FNDA:1,(anonymous_0)
FNDA:0,(anonymous_1)
FNDA:0,(anonymous_2)
FNDA:0,getClient
FNDA:0,(anonymous_4)
FNDA:0,updateRestrictions
FNDA:0,(anonymous_6)
DA:3,7
DA:4,1
DA:10,7
DA:11,0
DA:17,7
DA:18,0
DA:25,0
DA:35,0
DA:41,0
DA:51,0
LF:10
LH:4
BRF:0
BRH:0
end_of_record
TN:
SF:/Users/mmartinez/Desktop/Galvanize/Q3/capstone/PieceMealV2/src/actions/index.js
FNF:0
FNH:0
LF:0
LH:0
BRF:0
BRH:0
end_of_record
TN:
SF:/Users/mmartinez/Desktop/Galvanize/Q3/capstone/PieceMealV2/src/actions/ingredients.js
FN:3,(anonymous_0)
FN:4,(anonymous_1)
FN:7,(anonymous_2)
FN:14,(anonymous_3)
FN:21,(anonymous_4)
FN:28,(anonymous_5)
FN:32,(anonymous_6)
FN:37,(anonymous_7)
FN:59,deleteThisIngredient
FN:72,postFetchIngredient
FNF:10
FNH:4
FNDA:2,(anonymous_0)
FNDA:2,(anonymous_1)
FNDA:0,(anonymous_2)
FNDA:0,(anonymous_3)
FNDA:0,(anonymous_4)
FNDA:0,(anonymous_5)
FNDA:1,(anonymous_6)
FNDA:2,(anonymous_7)
FNDA:0,deleteThisIngredient
FNDA:0,postFetchIngredient
DA:3,6
DA:4,2
DA:7,6
DA:8,0
DA:14,6
DA:15,0
DA:21,6
DA:22,0
DA:28,6
DA:29,0
DA:32,6
DA:33,1
DA:37,6
DA:41,2
DA:60,0
DA:77,0
LF:16
LH:10
BRF:0
BRH:0
end_of_record
TN:
SF:/Users/mmartinez/Desktop/Galvanize/Q3/capstone/PieceMealV2/src/actions/login.js
FN:3,(anonymous_0)
FN:10,(anonymous_1)
FN:17,(anonymous_2)
FN:24,(anonymous_3)
FN:31,(anonymous_4)
FN:38,login
FN:51,(anonymous_6)
FN:59,loginOAuth
FN:72,(anonymous_8)
FNF:9
FNH:0
FNDA:0,(anonymous_0)
FNDA:0,(anonymous_1)
FNDA:0,(anonymous_2)
FNDA:0,(anonymous_3)
FNDA:0,(anonymous_4)
FNDA:0,login
FNDA:0,(anonymous_6)
FNDA:0,loginOAuth
FNDA:0,(anonymous_8)
DA:3,6
DA:4,0
DA:10,6
DA:11,0
DA:17,6
DA:18,0
DA:24,6
DA:25,0
DA:31,6
DA:32,0
DA:39,0
DA:52,0
DA:53,0
DA:55,0
DA:60,0
DA:61,0
DA:73,0
LF:17
LH:5
BRDA:52,0,0,0
BRDA:52,0,1,0
BRF:2
BRH:0
end_of_record
TN:
SF:/Users/mmartinez/Desktop/Galvanize/Q3/capstone/PieceMealV2/src/actions/recipes.js
FN:3,(anonymous_0)
FN:7,(anonymous_1)
FN:11,(anonymous_2)
FN:15,(anonymous_3)
FN:22,postFetchRecipe
FN:36,(anonymous_5)
FN:41,fetchRecipes
FN:42,(anonymous_7)
FN:45,fetchRecipe
FN:52,(anonymous_9)
FN:59,(anonymous_10)
FN:61,(anonymous_11)
FNF:12
FNH:0
FNDA:0,(anonymous_0)
FNDA:0,(anonymous_1)
FNDA:0,(anonymous_2)
FNDA:0,(anonymous_3)
FNDA:0,postFetchRecipe
FNDA:0,(anonymous_5)
FNDA:0,fetchRecipes
FNDA:0,(anonymous_7)
FNDA:0,fetchRecipe
FNDA:0,(anonymous_9)
FNDA:0,(anonymous_10)
FNDA:0,(anonymous_11)
DA:3,6
DA:4,0
DA:7,6
DA:8,0
DA:11,6
DA:12,0
DA:15,6
DA:16,0
DA:23,0
DA:37,0
DA:42,0
DA:46,0
DA:52,0
DA:53,0
DA:59,0
DA:60,0
DA:61,0
DA:62,0
LF:18
LH:4
BRF:0
BRH:0
end_of_record
TN:
SF:/Users/mmartinez/Desktop/Galvanize/Q3/capstone/PieceMealV2/src/actions/signup.js
FN:3,(anonymous_0)
FN:10,(anonymous_1)
FN:17,(anonymous_2)
FN:24,(anonymous_3)
FN:31,(anonymous_4)
FN:38,(anonymous_5)
FN:45,signup
FN:60,(anonymous_7)
FNF:8
FNH:0
FNDA:0,(anonymous_0)
FNDA:0,(anonymous_1)
FNDA:0,(anonymous_2)
FNDA:0,(anonymous_3)
FNDA:0,(anonymous_4)
FNDA:0,(anonymous_5)
FNDA:0,signup
FNDA:0,(anonymous_7)
DA:3,6
DA:4,0
DA:10,6
DA:11,0
DA:17,6
DA:18,0
DA:24,6
DA:25,0
DA:31,6
DA:32,0
DA:38,6
DA:39,0
DA:46,0
DA:61,0
LF:14
LH:6
BRF:0
BRH:0
end_of_record
TN:
SF:/Users/mmartinez/Desktop/Galvanize/Q3/capstone/PieceMealV2/src/components/Profile.js
FN:24,(anonymous_0)
FN:32,(anonymous_1)
FN:36,(anonymous_2)
FN:40,(anonymous_3)
FN:89,(anonymous_4)
FNF:5
FNH:1
FNDA:0,(anonymous_0)
FNDA:0,(anonymous_1)
FNDA:0,(anonymous_2)
FNDA:1,(anonymous_3)
FNDA:0,(anonymous_4)
DA:26,0
DA:28,0
DA:33,0
DA:37,0
DA:41,1
DA:78,1
DA:89,1
DA:90,0
LF:8
LH:3
BRDA:26,0,0,0
BRDA:26,0,1,0
BRDA:26,1,0,0
BRDA:26,1,1,0
BRF:4
BRH:0
end_of_record
TN:
SF:/Users/mmartinez/Desktop/Galvanize/Q3/capstone/PieceMealV2/src/components/SearchResults.js
FN:22,(anonymous_0)
FN:24,(anonymous_1)
FN:27,(anonymous_2)
FN:28,(anonymous_3)
FN:34,(anonymous_4)
FN:44,(anonymous_5)
FN:52,(anonymous_6)
FNF:7
FNH:2
FNDA:1,(anonymous_0)
FNDA:0,(anonymous_1)
FNDA:0,(anonymous_2)
FNDA:0,(anonymous_3)
FNDA:0,(anonymous_4)
FNDA:0,(anonymous_5)
FNDA:1,(anonymous_6)
DA:23,1
DA:24,0
DA:27,1
DA:28,1
DA:29,1
DA:31,1
DA:35,0
DA:36,0
DA:42,0
DA:45,0
DA:53,1
DA:54,1
LF:12
LH:7
BRDA:35,0,0,0
BRDA:35,0,1,0
BRDA:56,1,0,1
BRDA:56,1,1,0
BRF:4
BRH:1
end_of_record
TN:
SF:/Users/mmartinez/Desktop/Galvanize/Q3/capstone/PieceMealV2/src/components/Ingredient/GetIngredientButton.js
FN:18,(anonymous_0)
FNF:1
FNH:1
FNDA:1,(anonymous_0)
DA:18,1
DA:19,1
DA:25,1
LF:3
LH:3
BRF:0
BRH:0
end_of_record
TN:
SF:/Users/mmartinez/Desktop/Galvanize/Q3/capstone/PieceMealV2/src/components/Ingredient/IngredientItem.js
FN:27,(anonymous_0)
FNF:1
FNH:1
FNDA:1,(anonymous_0)
DA:16,2
DA:28,1
DA:29,1
LF:3
LH:3
BRF:0
BRH:0
end_of_record
TN:
SF:/Users/mmartinez/Desktop/Galvanize/Q3/capstone/PieceMealV2/src/components/Ingredient/IngredientsHeader.js
FN:6,(anonymous_0)
FN:15,(anonymous_1)
FNF:2
FNH:1
FNDA:2,(anonymous_0)
FNDA:0,(anonymous_1)
DA:7,2
DA:15,0
LF:2
LH:1
BRF:0
BRH:0
end_of_record
TN:
SF:/Users/mmartinez/Desktop/Galvanize/Q3/capstone/PieceMealV2/src/components/Ingredient/RestrictedIngredients.js
FN:7,(anonymous_0)
FN:9,(anonymous_1)
FN:15,(anonymous_2)
FN:19,(anonymous_3)
FN:26,(anonymous_4)
FNF:5
FNH:3
FNDA:2,(anonymous_0)
FNDA:0,(anonymous_1)
FNDA:2,(anonymous_2)
FNDA:0,(anonymous_3)
FNDA:12,(anonymous_4)
DA:8,2
DA:9,0
DA:12,2
DA:16,2
DA:17,1
DA:19,0
DA:27,12
DA:40,2
LF:8
LH:6
BRF:0
BRH:0
end_of_record
TN:
SF:/Users/mmartinez/Desktop/Galvanize/Q3/capstone/PieceMealV2/src/components/Recipe/Fab.js
FN:5,(anonymous_0)
FN:11,(anonymous_1)
FN:21,(anonymous_2)
FNF:3
FNH:2
FNDA:1,(anonymous_0)
FNDA:1,(anonymous_1)
FNDA:0,(anonymous_2)
DA:6,1
DA:7,1
DA:12,1
DA:21,0
LF:4
LH:3
BRF:0
BRH:0
end_of_record
TN:
SF:/Users/mmartinez/Desktop/Galvanize/Q3/capstone/PieceMealV2/src/components/Recipe/GetRecipeButton.js
FN:8,(anonymous_0)
FNF:1
FNH:1
FNDA:1,(anonymous_0)
DA:9,1
DA:22,1
LF:2
LH:2
BRF:0
BRH:0
end_of_record
TN:
SF:/Users/mmartinez/Desktop/Galvanize/Q3/capstone/PieceMealV2/src/components/Recipe/RecipeHeader.js
FN:4,RecipeHeader
FN:13,(anonymous_1)
FNF:2
FNH:1
FNDA:1,RecipeHeader
FNDA:0,(anonymous_1)
DA:5,1
DA:13,0
LF:2
LH:1
BRF:0
BRH:0
end_of_record
TN:
SF:/Users/mmartinez/Desktop/Galvanize/Q3/capstone/PieceMealV2/src/components/Recipe/RecipeItem.js
FN:18,(anonymous_0)
FNF:1
FNH:1
FNDA:1,(anonymous_0)
DA:15,2
DA:19,1
DA:20,1
LF:3
LH:3
BRF:0
BRH:0
end_of_record
TN:
SF:/Users/mmartinez/Desktop/Galvanize/Q3/capstone/PieceMealV2/src/components/Recipe/RecipeModal.js
FN:12,(anonymous_0)
FN:16,(anonymous_1)
FN:24,(anonymous_2)
FNF:3
FNH:1
FNDA:0,(anonymous_0)
FNDA:1,(anonymous_1)
FNDA:0,(anonymous_2)
DA:13,0
DA:17,1
DA:24,0
LF:3
LH:1
BRF:0
BRH:0
end_of_record
TN:
SF:/Users/mmartinez/Desktop/Galvanize/Q3/capstone/PieceMealV2/src/components/Recipe/RecipeSteps.js
FN:6,(anonymous_0)
FN:8,(anonymous_1)
FN:14,(anonymous_2)
FN:28,(anonymous_3)
FNF:4
FNH:2
FNDA:1,(anonymous_0)
FNDA:0,(anonymous_1)
FNDA:0,(anonymous_2)
FNDA:1,(anonymous_3)
DA:7,1
DA:8,0
DA:11,1
DA:15,0
DA:29,1
DA:30,0
LF:6
LH:3
BRF:0
BRH:0
end_of_record
TN:
SF:/Users/mmartinez/Desktop/Galvanize/Q3/capstone/PieceMealV2/src/components/Recipe/RecipeView.js
FN:10,(anonymous_0)
FNF:1
FNH:1
FNDA:1,(anonymous_0)
DA:6,1
DA:7,1
DA:11,1
LF:3
LH:3
BRDA:53,0,0,0
BRDA:53,0,1,1
BRF:2
BRH:1
end_of_record
TN:
SF:/Users/mmartinez/Desktop/Galvanize/Q3/capstone/PieceMealV2/src/config/api.js
FNF:0
FNH:0
DA:2,7
LF:1
LH:1
BRF:0
BRH:0
end_of_record
TN:
SF:/Users/mmartinez/Desktop/Galvanize/Q3/capstone/PieceMealV2/src/reducers/RecipeSelectionReducer.js
FN:1,(anonymous_0)
FNF:1
FNH:1
FNDA:6,(anonymous_0)
DA:2,6
DA:4,1
DA:6,5
LF:3
LH:3
BRDA:1,0,0,1
BRDA:2,1,0,1
BRDA:2,1,1,5
BRF:3
BRH:3
end_of_record
TN:
SF:/Users/mmartinez/Desktop/Galvanize/Q3/capstone/PieceMealV2/src/reducers/RecipesReducer.js
FN:3,(anonymous_0)
FNF:1
FNH:1
FNDA:7,(anonymous_0)
DA:1,1
DA:3,1
DA:4,7
DA:6,1
DA:11,1
DA:13,5
LF:6
LH:6
BRDA:3,0,0,1
BRDA:4,1,0,1
BRDA:4,1,1,1
BRDA:4,1,2,5
BRF:4
BRH:4
end_of_record
TN:
SF:/Users/mmartinez/Desktop/Galvanize/Q3/capstone/PieceMealV2/src/reducers/chartsReducer.js
FN:5,(anonymous_0)
FN:8,(anonymous_1)
FN:12,(anonymous_2)
FNF:3
FNH:1
FNDA:5,(anonymous_0)
FNDA:0,(anonymous_1)
FNDA:0,(anonymous_2)
DA:1,1
DA:6,5
DA:8,0
DA:9,0
DA:12,0
DA:13,0
DA:14,0
DA:15,0
DA:16,0
DA:17,0
DA:20,0
DA:22,5
LF:12
LH:3
BRDA:5,0,0,1
BRDA:6,1,0,0
BRDA:6,1,1,5
BRF:3
BRH:2
end_of_record
TN:
SF:/Users/mmartinez/Desktop/Galvanize/Q3/capstone/PieceMealV2/src/reducers/clientReducer.js
FN:14,(anonymous_0)
FNF:1
FNH:1
FNDA:11,(anonymous_0)
DA:1,1
DA:16,11
DA:19,1
DA:22,3
DA:23,2
DA:25,1
DA:28,2
DA:36,1
DA:39,4
LF:9
LH:9
BRDA:14,0,0,1
BRDA:16,1,0,1
BRDA:16,1,1,3
BRDA:16,1,2,2
BRDA:16,1,3,1
BRDA:16,1,4,4
BRDA:22,2,0,2
BRDA:22,2,1,1
BRF:8
BRH:8
end_of_record
TN:
SF:/Users/mmartinez/Desktop/Galvanize/Q3/capstone/PieceMealV2/src/reducers/ingredientsReducer.js
FN:4,(anonymous_0)
FNF:1
FNH:1
FNDA:22,(anonymous_0)
DA:2,1
DA:4,1
DA:5,22
DA:7,2
DA:9,2
DA:11,2
DA:14,2
DA:16,3
DA:18,3
DA:21,1
DA:24,2
DA:26,1
DA:28,2
DA:30,2
LF:14
LH:14
BRDA:4,0,0,1
BRDA:5,1,0,2
BRDA:5,1,1,2
BRDA:5,1,2,2
BRDA:5,1,3,2
BRDA:5,1,4,3
BRDA:5,1,5,3
BRDA:5,1,6,1
BRDA:5,1,7,2
BRDA:5,1,8,1
BRDA:5,1,9,2
BRDA:5,1,10,2
BRF:12
BRH:12
end_of_record
TN:
SF:/Users/mmartinez/Desktop/Galvanize/Q3/capstone/PieceMealV2/src/reducers/loginReducer.js
FN:9,(anonymous_0)
FNF:1
FNH:1
FNDA:10,(anonymous_0)
DA:1,1
DA:10,10
DA:12,1
DA:14,1
DA:16,1
DA:18,1
DA:20,1
DA:22,1
DA:24,4
LF:9
LH:9
BRDA:9,0,0,1
BRDA:10,1,0,1
BRDA:10,1,1,1
BRDA:10,1,2,1
BRDA:10,1,3,1
BRDA:10,1,4,1
BRDA:10,1,5,1
BRDA:10,1,6,4
BRF:8
BRH:8
end_of_record
TN:
SF:/Users/mmartinez/Desktop/Galvanize/Q3/capstone/PieceMealV2/src/screens/LandingPage.js
FN:8,(anonymous_0)
FN:10,(anonymous_1)
FN:15,(anonymous_2)
FN:19,(anonymous_3)
FN:26,(anonymous_4)
FN:43,(anonymous_5)
FN:51,(anonymous_6)
FN:53,(anonymous_7)
FNF:8
FNH:2
FNDA:0,(anonymous_0)
FNDA:0,(anonymous_1)
FNDA:1,(anonymous_2)
FNDA:1,(anonymous_3)
FNDA:0,(anonymous_4)
FNDA:0,(anonymous_5)
FNDA:0,(anonymous_6)
FNDA:0,(anonymous_7)
DA:8,0
DA:11,0
DA:16,1
DA:20,1
DA:26,0
DA:43,1
DA:44,0
DA:51,1
DA:52,0
DA:54,0
DA:59,1
LF:11
LH:5
BRF:0
BRH:0
end_of_record
