TN:
SF:/Users/mmartinez/Desktop/Galvanize/Q3/capstone/PieceMealV2/src/reducers/clientReducer.js
FN:14,(anonymous_0)
FNF:1
FNH:1
FNDA:9,(anonymous_0)
DA:1,1
DA:16,9
DA:19,1
DA:22,3
DA:23,2
DA:25,1
DA:26,1
DA:29,2
DA:37,0
DA:40,3
LF:10
LH:9
BRDA:14,0,0,0
BRDA:16,1,0,1
BRDA:16,1,1,3
BRDA:16,1,2,2
BRDA:16,1,3,0
BRDA:16,1,4,3
BRDA:22,2,0,2
BRDA:22,2,1,1
BRF:8
BRH:6
end_of_record
TN:
SF:/Users/mmartinez/Desktop/Galvanize/Q3/capstone/PieceMealV2/src/reducers/ingredientsReducer.js
FN:4,(anonymous_0)
FNF:1
FNH:1
FNDA:21,(anonymous_0)
DA:2,1
DA:4,1
DA:5,21
DA:7,2
DA:9,2
DA:11,2
DA:14,2
DA:16,3
DA:18,3
DA:21,1
DA:24,2
DA:26,1
DA:28,2
DA:30,1
LF:14
LH:14
BRDA:4,0,0,0
BRDA:5,1,0,2
BRDA:5,1,1,2
BRDA:5,1,2,2
BRDA:5,1,3,2
BRDA:5,1,4,3
BRDA:5,1,5,3
BRDA:5,1,6,1
BRDA:5,1,7,2
BRDA:5,1,8,1
BRDA:5,1,9,2
BRDA:5,1,10,1
BRF:12
BRH:11
end_of_record
